<?xml version="1.0" encoding="UTF-8"?>
<!-- Generated by org.testng.reporters.JUnitReportReporter -->
<testsuite skipped="1" hostname="mohammeds-mbp.lan" name="com.myrunner.MyRunner" tests="1" failures="0" timestamp="18 Sep 2021 22:03:41 GMT" time="0.000" errors="0">
  <testcase name="feature" time="0.000" classname="com.myrunner.MyRunner">
    <skipped/>
  </testcase> <!-- feature -->
</testsuite> <!-- com.myrunner.MyRunner -->
