<?xml version="1.0" encoding="UTF-8"?>
<!-- Generated by org.testng.reporters.JUnitReportReporter -->
<testsuite skipped="0" hostname="Mohammeds-MBP.cable.rcn.com" name="com.myrunner.CucumberRunner" tests="1" failures="0" timestamp="2021-09-26T21:26:22 EDT" time="1.919" errors="0">
  <testcase name="feature" time="1.919" classname="com.myrunner.CucumberRunner"/>
  <system-out/>
</testsuite> <!-- com.myrunner.CucumberRunner -->
