<?xml version="1.0" encoding="UTF-8"?>
<!-- Generated by org.testng.reporters.JUnitReportReporter -->
<testsuite skipped="0" hostname="mohammeds-mbp.lan" name="com.testng.practice.TestNGPrioritize" tests="6" failures="0" timestamp="18 Sep 2021 22:35:47 GMT" time="0.033" errors="0">
  <testcase name="getSalary" time="0.024" classname="com.testng.practice.TestNGPrioritize"/>
  <testcase name="getName" time="0.002" classname="com.testng.practice.TestNGPrioritize"/>
  <testcase name="getSmarttech" time="0.001" classname="com.testng.practice.TestNGPrioritize"/>
  <testcase name="getStudents" time="0.002" classname="com.testng.practice.TestNGPrioritize"/>
  <testcase name="getBatch" time="0.002" classname="com.testng.practice.TestNGPrioritize"/>
  <testcase name="getBatchNine" time="0.002" classname="com.testng.practice.TestNGPrioritize"/>
</testsuite> <!-- com.testng.practice.TestNGPrioritize -->
