<?xml version="1.0" encoding="UTF-8"?>
<!-- Generated by org.testng.reporters.JUnitReportReporter -->
<testsuite skipped="0" hostname="mohammeds-mbp.lan" name="com.testng.practice.TestNGCount" tests="16" failures="0" timestamp="18 Sep 2021 23:00:14 GMT" time="0.079" errors="0">
  <testcase name="methodCount" time="0.002" classname="com.testng.practice.TestNGCount"/>
  <testcase name="methodCount" time="0.002" classname="com.testng.practice.TestNGCount"/>
  <testcase name="methodCount" time="0.002" classname="com.testng.practice.TestNGCount"/>
  <testcase name="methodCount" time="0.017" classname="com.testng.practice.TestNGCount"/>
  <testcase name="methodCount" time="0.002" classname="com.testng.practice.TestNGCount"/>
  <testcase name="methodCount" time="0.003" classname="com.testng.practice.TestNGCount"/>
  <testcase name="methodCount1" time="0.033" classname="com.testng.practice.TestNGCount"/>
  <testcase name="methodCount" time="0.004" classname="com.testng.practice.TestNGCount"/>
  <testcase name="methodCount" time="0.002" classname="com.testng.practice.TestNGCount"/>
  <testcase name="methodCount" time="0.002" classname="com.testng.practice.TestNGCount"/>
  <testcase name="methodCount" time="0.003" classname="com.testng.practice.TestNGCount"/>
  <testcase name="methodCount" time="0.002" classname="com.testng.practice.TestNGCount"/>
  <testcase name="methodCount" time="0.001" classname="com.testng.practice.TestNGCount"/>
  <testcase name="methodCount" time="0.001" classname="com.testng.practice.TestNGCount"/>
  <testcase name="methodCount" time="0.002" classname="com.testng.practice.TestNGCount"/>
  <testcase name="methodCount" time="0.001" classname="com.testng.practice.TestNGCount"/>
</testsuite> <!-- com.testng.practice.TestNGCount -->
