<?xml version="1.0" encoding="UTF-8"?>
<!-- Generated by org.testng.reporters.JUnitReportReporter -->
<testsuite skipped="0" hostname="Mohammeds-MBP.cable.rcn.com" name="com.testng.practice.TestNGPrioritize" tests="5" failures="0" timestamp="2021-09-19T22:22:51 EDT" time="2.889" errors="0">
  <testcase name="getSalary" time="0.008" classname="com.testng.practice.TestNGPrioritize"/>
  <system-out/>
  <testcase name="getName" time="0.001" classname="com.testng.practice.TestNGPrioritize"/>
  <system-out/>
  <testcase name="getSmarttech" time="0.001" classname="com.testng.practice.TestNGPrioritize"/>
  <system-out/>
  <testcase name="getStudents" time="2.878" classname="com.testng.practice.TestNGPrioritize"/>
  <system-out/>
  <testcase name="getBatchNine" time="0.001" classname="com.testng.practice.TestNGPrioritize"/>
  <system-out/>
</testsuite> <!-- com.testng.practice.TestNGPrioritize -->
