<?xml version="1.0" encoding="UTF-8"?>
<!-- Generated by org.testng.reporters.JUnitReportReporter -->
<testsuite skipped="0" hostname="mohammeds-mbp.lan" name="com.testng.practice.TestWebPagee" tests="2" failures="0" timestamp="19 Sep 2021 00:18:49 GMT" time="20.611" errors="0">
  <testcase name="getActionsOne" time="8.455" classname="com.testng.practice.TestWebPagee"/>
  <testcase name="getActionsTwo" time="12.156" classname="com.testng.practice.TestWebPagee"/>
</testsuite> <!-- com.testng.practice.TestWebPagee -->
