<?xml version="1.0" encoding="UTF-8"?>
<!-- Generated by org.testng.reporters.JUnitReportReporter -->
<testsuite skipped="1" hostname="mohammeds-mbp.lan" name="com.testng.practice.TestNGEnableDisable" tests="2" failures="0" timestamp="18 Sep 2021 23:02:13 GMT" time="0.017" errors="0">
  <testcase name="methodDisabled" time="0.017" classname="com.testng.practice.TestNGEnableDisable"/>
  <testcase name="methodEnabled" classname="com.testng.practice.TestNGEnableDisable">
    <skipped/>
  </testcase> <!-- methodEnabled -->
</testsuite> <!-- com.testng.practice.TestNGEnableDisable -->
