<?xml version="1.0" encoding="UTF-8"?>
<!-- Generated by org.testng.reporters.JUnitReportReporter -->
<testsuite skipped="0" hostname="Mohammeds-MBP.cable.rcn.com" name="com.testng.practice.TestNGDependsOnMethod" tests="2" failures="0" timestamp="2021-09-20T19:47:11 EDT" time="0.013" errors="0">
  <testcase name="method" time="0.011" classname="com.testng.practice.TestNGDependsOnMethod"/>
  <system-out/>
  <testcase name="methodTwo" time="0.002" classname="com.testng.practice.TestNGDependsOnMethod"/>
  <system-out/>
</testsuite> <!-- com.testng.practice.TestNGDependsOnMethod -->
