<?xml version="1.0" encoding="UTF-8"?>
<!-- Generated by org.testng.reporters.JUnitReportReporter -->
<testsuite skipped="0" hostname="mohammeds-mbp.lan" name="com.testng.practice.TestNGannotationTest" tests="1" failures="0" timestamp="18 Sep 2021 22:51:52 GMT" time="0.014" errors="0">
  <testcase name="getAction" time="0.014" classname="com.testng.practice.TestNGannotationTest"/>
</testsuite> <!-- com.testng.practice.TestNGannotationTest -->
